22:55:44.101 [main] INFO  com.solvd.laba.block1.task2.ComputerProblem - issue: Overheat
22:55:44.104 [main] INFO  com.solvd.laba.block1.task2.ComputerProblem - Diagnose: need to change cable
22:55:44.105 [main] INFO  com.solvd.laba.block1.task2.ComputerProblem - Cost: 0.0
22:56:16.871 [main] INFO  com.solvd.laba.block1.task2.ComputerProblem - issue: Broken Screen
22:56:16.871 [main] INFO  com.solvd.laba.block1.task2.ComputerProblem - Diagnose: need to change screen
22:56:16.872 [main] INFO  com.solvd.laba.block1.task2.ComputerProblem - Cost: 0.0
22:56:37.222 [main] INFO  com.solvd.laba.block1.task2.ComputerProblem - issue: Overheat
22:56:37.225 [main] INFO  com.solvd.laba.block1.task2.ComputerProblem - Diagnose: need to change cable
22:56:37.226 [main] INFO  com.solvd.laba.block1.task2.ComputerProblem - Cost: 0.0
23:00:22.628 [main] INFO  com.solvd.laba.block1.task2.ComputerProblem - issue: Overheat
23:00:22.632 [main] INFO  com.solvd.laba.block1.task2.ComputerProblem - Diagnose: need to change cable
23:00:22.632 [main] INFO  com.solvd.laba.block1.task2.ComputerProblem - Cost: 0.0
23:00:25.376 [main] INFO  com.solvd.laba.block1.task2.ComputerProblem - issue: Overheat
23:00:25.376 [main] INFO  com.solvd.laba.block1.task2.ComputerProblem - Diagnose: need to change cable
23:00:25.376 [main] INFO  com.solvd.laba.block1.task2.ComputerProblem - Cost: 0.0
23:03:09.150 [main] INFO  com.solvd.laba.block1.task2.ComputerProblem - issue: Overheat
23:03:09.152 [main] INFO  com.solvd.laba.block1.task2.ComputerProblem - Diagnose: need to change cable
23:03:09.153 [main] INFO  com.solvd.laba.block1.task2.ComputerProblem - Cost: 0.0
23:03:13.006 [main] INFO  com.solvd.laba.block1.task2.ComputerProblem - issue: Overheat
23:03:13.006 [main] INFO  com.solvd.laba.block1.task2.ComputerProblem - Diagnose: need to change cable
23:03:13.007 [main] INFO  com.solvd.laba.block1.task2.ComputerProblem - Cost: 0.0
23:20:11.481 [main] INFO  com.solvd.laba.block1.task2.ComputerProblem - issue: Overheat
23:20:11.483 [main] INFO  com.solvd.laba.block1.task2.ComputerProblem - Diagnose: need to change cable
23:20:27.338 [main] INFO  com.solvd.laba.block1.task2.ComputerProblem - issue: Overheat
23:20:27.338 [main] INFO  com.solvd.laba.block1.task2.ComputerProblem - Diagnose: need to change cable
23:21:45.269 [main] INFO  com.solvd.laba.block1.task2.ComputerProblem - issue: Computer Power Does not work
23:21:45.271 [main] INFO  com.solvd.laba.block1.task2.ComputerProblem - Diagnose:  need to change powersupply 
23:29:38.191 [main] INFO  com.solvd.laba.block1.task2.ComputerProblem - issue: Computer Power Does not work
23:29:38.195 [main] INFO  com.solvd.laba.block1.task2.ComputerProblem - Diagnose:  need to change powersupply 
23:45:15.319 [main] INFO  com.solvd.laba.block1.task2.ComputerProblem - issue: Computer Power Does not work
23:45:15.321 [main] INFO  com.solvd.laba.block1.task2.ComputerProblem - Diagnose:  need to change powersupply 
23:45:37.189 [main] INFO  com.solvd.laba.block1.task2.ComputerProblem - issue: Overheat
23:45:37.189 [main] INFO  com.solvd.laba.block1.task2.ComputerProblem - Diagnose: need to change cable
00:06:56.982 [main] INFO  com.solvd.laba.block1.task2.ComputerProblem - issue: Computer Power Does not work
00:06:56.985 [main] INFO  com.solvd.laba.block1.task2.ComputerProblem - Diagnose:  need to change powersupply 
00:07:01.671 [main] INFO  com.solvd.laba.block1.task2.ComputerProblem - issue: Overheat
00:07:01.671 [main] INFO  com.solvd.laba.block1.task2.ComputerProblem - Diagnose: need to change cable
